<?xml version="1.0" encoding="UTF-8"?>
<testsuite xmlns:xsi="http://www.w3.org/2001/XMLSchema-instance" xsi:noNamespaceSchemaLocation="https://maven.apache.org/surefire/maven-surefire-plugin/xsd/surefire-test-report-3.0.xsd" version="3.0" name="de.dhbw.ravensburg.wp.mymoviedatabase.controller.MovieControllerImplTest" time="6.782" tests="8" errors="0" skipped="0" failures="0">
  <properties>
[...]
</properties>
  <testcase name="shouldSucessfullyReturnAllMovies" classname="de.dhbw.ravensburg.wp.mymoviedatabase.controller.MovieControllerImplTest" time="0.305">
    <system-out><![CDATA[19:33:39.104 [main] INFO org.springframework.test.context.support.AnnotationConfigContextLoaderUtils -- Could not detect default configuration classes for test class [de.dhbw.ravensburg.wp.mymoviedatabase.controller.MovieControllerImplTest]: MovieControllerImplTest does not declare any static, non-private, non-final, nested classes annotated with @Configuration.
19:33:39.417 [main] INFO org.springframework.boot.test.context.SpringBootTestContextBootstrapper -- Found @SpringBootConfiguration de.dhbw.ravensburg.wp.mymoviedatabase.SpringDataApplication for test class de.dhbw.ravensburg.wp.mymoviedatabase.controller.MovieControllerImplTest
19:33:39.526 [main] INFO org.springframework.boot.devtools.restart.RestartApplicationListener -- Restart disabled due to context in which it is running

  .   ____          _            __ _ _
 /\\ / ___'_ __ _ _(_)_ __  __ _ \ \ \ \
( ( )\___ | '_ | '_| | '_ \/ _` | \ \ \ \
 \\/  ___)| |_)| | | | | || (_| |  ) ) ) )
  '  |____| .__|_| |_|_| |_\__, | / / / /
 =========|_|==============|___/=/_/_/_/
 :: Spring Boot ::                (v3.2.4)

2024-03-29T19:33:40.108+01:00  INFO 39941 --- [           main] d.d.r.w.m.c.MovieControllerImplTest      : Starting MovieControllerImplTest using Java 21.0.2 with PID 39941 (started by luis in /Users/luis/Library/CloudStorage/OneDrive-Personal/Dokumente/1_DHBW/5.Semester/Integrationsseminar/1_Integrationsseminar_working/Aufgabe_6-4)
2024-03-29T19:33:40.110+01:00  INFO 39941 --- [           main] d.d.r.w.m.c.MovieControllerImplTest      : No active profile set, falling back to 1 default profile: "default"
2024-03-29T19:33:44.652+01:00  WARN 39941 --- [           main] ion$DefaultTemplateResolverConfiguration : Cannot find template location: classpath:/templates/ (please add some templates, check your Thymeleaf configuration, or set spring.thymeleaf.check-template-location=false)
2024-03-29T19:33:44.711+01:00  INFO 39941 --- [           main] o.s.b.t.m.w.SpringBootMockServletContext : Initializing Spring TestDispatcherServlet ''
2024-03-29T19:33:44.712+01:00  INFO 39941 --- [           main] o.s.t.web.servlet.TestDispatcherServlet  : Initializing Servlet ''
2024-03-29T19:33:44.719+01:00  INFO 39941 --- [           main] o.s.t.web.servlet.TestDispatcherServlet  : Completed initialization in 2 ms
2024-03-29T19:33:44.773+01:00  INFO 39941 --- [           main] d.d.r.w.m.c.MovieControllerImplTest      : Started MovieControllerImplTest in 5.26 seconds (process running for 7.037)

MockHttpServletRequest:
      HTTP Method = GET
      Request URI = /api/v1/movies
       Parameters = {}
          Headers = []
             Body = null
    Session Attrs = {}

Handler:
             Type = de.dhbw.ravensburg.wp.mymoviedatabase.controller.MovieControllerImpl
           Method = de.dhbw.ravensburg.wp.mymoviedatabase.controller.MovieControllerImpl#getAllMovies()

Async:
    Async started = false
     Async result = null

Resolved Exception:
             Type = null

ModelAndView:
        View name = null
             View = null
            Model = null

FlashMap:
       Attributes = null

MockHttpServletResponse:
           Status = 200
    Error message = null
          Headers = [Content-Type:"application/json"]
     Content type = application/json
             Body = [{"id":1,"title":"Interstellar","duration":2.49,"description":"A team of explorers travel through space.","trailerUrl":"https://imdb.interstellar.test","coverImgUrl":"https://wikipedia.interstellar.test.jpeg","imdbRating":8.6,"castIds":[4],"awards":[{"id":1,"academy":"Oscar","category":"Best Picture","celebrationYear":2008}]},{"id":2,"title":"The Dark Knight","duration":2.32,"description":"Joker vs. Batman","trailerUrl":"https://imdb.darkknight.test","coverImgUrl":"https://wikipedia.darkknight.test.jpeg","imdbRating":9.0,"castIds":[1,2],"awards":[{"id":2,"academy":"Oscar","category":"Best Performance by an Actor in a Supporting Role","celebrationYear":2009},{"id":3,"academy":"Oscar","category":"Best Achievement in Sound Editing","celebrationYear":2009}]}]
    Forwarded URL = null
   Redirected URL = null
          Cookies = []
]]></system-out>
    <system-err><![CDATA[WARNING: A Java agent has been loaded dynamically (/Users/luis/.m2/repository/net/bytebuddy/byte-buddy-agent/1.14.12/byte-buddy-agent-1.14.12.jar)
WARNING: If a serviceability tool is in use, please run with -XX:+EnableDynamicAgentLoading to hide this warning
WARNING: If a serviceability tool is not in use, please run with -Djdk.instrument.traceUsage for more information
WARNING: Dynamic loading of agents will be disallowed by default in a future release
]]></system-err>
  </testcase>
  <testcase name="shouldFailUpdateMovieBecauseConstraintViolation" classname="de.dhbw.ravensburg.wp.mymoviedatabase.controller.MovieControllerImplTest" time="0.236">
    <system-out><![CDATA[2024-03-29T19:33:45.337+01:00  WARN 39941 --- [           main] .w.s.m.s.DefaultHandlerExceptionResolver : Resolved [org.springframework.web.bind.MethodArgumentNotValidException: Validation failed for argument [1] in public de.dhbw.ravensburg.wp.mymoviedatabase.dto.MovieDTO de.dhbw.ravensburg.wp.mymoviedatabase.controller.MovieControllerImpl.updateMovie(java.lang.Long,de.dhbw.ravensburg.wp.mymoviedatabase.dto.MovieDTO): [Field error in object 'movieDTO' on field 'trailerUrl': rejected value [null]; codes [NotBlank.movieDTO.trailerUrl,NotBlank.trailerUrl,NotBlank.java.lang.String,NotBlank]; arguments [org.springframework.context.support.DefaultMessageSourceResolvable: codes [movieDTO.trailerUrl,trailerUrl]; arguments []; default message [trailerUrl]]; default message [must not be blank]] ]
]]></system-out>
  </testcase>
  <testcase name="shouldSuccessfullyUpdateMovie" classname="de.dhbw.ravensburg.wp.mymoviedatabase.controller.MovieControllerImplTest" time="0.032"/>
  <testcase name="shouldSucessfullyAddMovie" classname="de.dhbw.ravensburg.wp.mymoviedatabase.controller.MovieControllerImplTest" time="0.022"/>
  <testcase name="shouldSucessfullyReturnMovie" classname="de.dhbw.ravensburg.wp.mymoviedatabase.controller.MovieControllerImplTest" time="0.024">
    <system-out><![CDATA[
MockHttpServletRequest:
      HTTP Method = GET
      Request URI = /api/v1/movies/1
       Parameters = {}
          Headers = []
             Body = null
    Session Attrs = {}

Handler:
             Type = de.dhbw.ravensburg.wp.mymoviedatabase.controller.MovieControllerImpl
           Method = de.dhbw.ravensburg.wp.mymoviedatabase.controller.MovieControllerImpl#getMovieById(Long)

Async:
    Async started = false
     Async result = null

Resolved Exception:
             Type = null

ModelAndView:
        View name = null
             View = null
            Model = null

FlashMap:
       Attributes = null

MockHttpServletResponse:
           Status = 200
    Error message = null
          Headers = [Content-Type:"application/json"]
     Content type = application/json
             Body = {"id":1,"title":"Interstellar","duration":2.49,"description":"A team of explorers travel through space.","trailerUrl":"https://imdb.interstellar.test","coverImgUrl":"https://wikipedia.interstellar.test.jpeg","imdbRating":8.6,"castIds":[4],"awards":[{"id":1,"academy":"Oscar","category":"Best Picture","celebrationYear":2008}]}
    Forwarded URL = null
   Redirected URL = null
          Cookies = []
]]></system-out>
  </testcase>
  <testcase name="shouldFailGetMovie" classname="de.dhbw.ravensburg.wp.mymoviedatabase.controller.MovieControllerImplTest" time="0.027"/>
  <testcase name="shouldFailUpdateMovieBecauseUnknownId" classname="de.dhbw.ravensburg.wp.mymoviedatabase.controller.MovieControllerImplTest" time="0.015"/>
  <testcase name="shouldSucessfullyRemoveMovie" classname="de.dhbw.ravensburg.wp.mymoviedatabase.controller.MovieControllerImplTest" time="0.015"/>
</testsuite>