<?xml version="1.0" encoding="UTF-8"?>
<testsuite xmlns:xsi="http://www.w3.org/2001/XMLSchema-instance" xsi:noNamespaceSchemaLocation="https://maven.apache.org/surefire/maven-surefire-plugin/xsd/surefire-test-report-3.0.xsd" version="3.0" name="de.dhbw.ravensburg.wp.mymoviedatabase.controller.MovieControllerImplTest" time="2.055" tests="5" errors="0" skipped="0" failures="0">
  <properties>
[...]
</properties>
  <testcase name="shouldSucessfullyReturnAllMovies" classname="de.dhbw.ravensburg.wp.mymoviedatabase.controller.MovieControllerImplTest" time="0.118">
    <system-out><![CDATA[2024-03-30 23:08:08.768  INFO 54522 --- [           main] .b.t.a.w.s.WebMvcTestContextBootstrapper : Neither @ContextConfiguration nor @ContextHierarchy found for test class [de.dhbw.ravensburg.wp.mymoviedatabase.controller.MovieControllerImplTest], using SpringBootContextLoader
2024-03-30 23:08:08.808  INFO 54522 --- [           main] o.s.t.c.support.AbstractContextLoader    : Could not detect default resource locations for test class [de.dhbw.ravensburg.wp.mymoviedatabase.controller.MovieControllerImplTest]: no resource found for suffixes {-context.xml, Context.groovy}.
2024-03-30 23:08:08.810  INFO 54522 --- [           main] t.c.s.AnnotationConfigContextLoaderUtils : Could not detect default configuration classes for test class [de.dhbw.ravensburg.wp.mymoviedatabase.controller.MovieControllerImplTest]: MovieControllerImplTest does not declare any static, non-private, non-final, nested classes annotated with @Configuration.
2024-03-30 23:08:08.824  INFO 54522 --- [           main] .b.t.c.SpringBootTestContextBootstrapper : Found @SpringBootConfiguration de.dhbw.ravensburg.wp.mymoviedatabase.SpringDataApplication for test class de.dhbw.ravensburg.wp.mymoviedatabase.controller.MovieControllerImplTest
2024-03-30 23:08:08.825  INFO 54522 --- [           main] .b.t.a.w.s.WebMvcTestContextBootstrapper : Loaded default TestExecutionListener class names from location [META-INF/spring.factories]: [org.springframework.boot.test.mock.mockito.MockitoTestExecutionListener, org.springframework.boot.test.mock.mockito.ResetMocksTestExecutionListener, org.springframework.boot.test.autoconfigure.restdocs.RestDocsTestExecutionListener, org.springframework.boot.test.autoconfigure.web.client.MockRestServiceServerResetTestExecutionListener, org.springframework.boot.test.autoconfigure.web.servlet.MockMvcPrintOnlyOnFailureTestExecutionListener, org.springframework.boot.test.autoconfigure.web.servlet.WebDriverTestExecutionListener, org.springframework.boot.test.autoconfigure.webservices.client.MockWebServiceServerTestExecutionListener, org.springframework.test.context.web.ServletTestExecutionListener, org.springframework.test.context.support.DirtiesContextBeforeModesTestExecutionListener, org.springframework.test.context.event.ApplicationEventsTestExecutionListener, org.springframework.test.context.support.DependencyInjectionTestExecutionListener, org.springframework.test.context.support.DirtiesContextTestExecutionListener, org.springframework.test.context.transaction.TransactionalTestExecutionListener, org.springframework.test.context.jdbc.SqlScriptsTestExecutionListener, org.springframework.test.context.event.EventPublishingTestExecutionListener]
2024-03-30 23:08:08.827  INFO 54522 --- [           main] .b.t.a.w.s.WebMvcTestContextBootstrapper : Using TestExecutionListeners: [org.springframework.test.context.web.ServletTestExecutionListener@9f0fc36, org.springframework.test.context.support.DirtiesContextBeforeModesTestExecutionListener@63f2e0b, org.springframework.test.context.event.ApplicationEventsTestExecutionListener@5a06904, org.springframework.boot.test.mock.mockito.MockitoTestExecutionListener@fabef2e, org.springframework.boot.test.autoconfigure.SpringBootDependencyInjectionTestExecutionListener@1b4a3a1, org.springframework.test.context.support.DirtiesContextTestExecutionListener@7e848aea, org.springframework.test.context.transaction.TransactionalTestExecutionListener@786a3477, org.springframework.test.context.jdbc.SqlScriptsTestExecutionListener@286866cb, org.springframework.test.context.event.EventPublishingTestExecutionListener@ce561cc, org.springframework.boot.test.mock.mockito.ResetMocksTestExecutionListener@56ec6960, org.springframework.boot.test.autoconfigure.restdocs.RestDocsTestExecutionListener@7f8c3646, org.springframework.boot.test.autoconfigure.web.client.MockRestServiceServerResetTestExecutionListener@14b95942, org.springframework.boot.test.autoconfigure.web.servlet.MockMvcPrintOnlyOnFailureTestExecutionListener@3375b118, org.springframework.boot.test.autoconfigure.web.servlet.WebDriverTestExecutionListener@667797f, org.springframework.boot.test.autoconfigure.webservices.client.MockWebServiceServerTestExecutionListener@184751f3]

  .   ____          _            __ _ _
 /\\ / ___'_ __ _ _(_)_ __  __ _ \ \ \ \
( ( )\___ | '_ | '_| | '_ \/ _` | \ \ \ \
 \\/  ___)| |_)| | | | | || (_| |  ) ) ) )
  '  |____| .__|_| |_|_| |_\__, | / / / /
 =========|_|==============|___/=/_/_/_/
 :: Spring Boot ::                (v2.5.1)

2024-03-30 23:08:08.909  INFO 54522 --- [           main] d.d.r.w.m.c.MovieControllerImplTest      : Starting MovieControllerImplTest using Java 21.0.2 on MacBook-Air.fritz.box with PID 54522 (started by luis in /Users/luis/Library/CloudStorage/OneDrive-Personal/Dokumente/1_DHBW/5.Semester/Integrationsseminar_MovieDB/Aufgabe_6)
2024-03-30 23:08:08.912  INFO 54522 --- [           main] d.d.r.w.m.c.MovieControllerImplTest      : No active profile set, falling back to default profiles: default
2024-03-30 23:08:10.443  INFO 54522 --- [           main] o.s.b.t.m.w.SpringBootMockServletContext : Initializing Spring TestDispatcherServlet ''
2024-03-30 23:08:10.446  INFO 54522 --- [           main] o.s.t.web.servlet.TestDispatcherServlet  : Initializing Servlet ''
2024-03-30 23:08:10.448  INFO 54522 --- [           main] o.s.t.web.servlet.TestDispatcherServlet  : Completed initialization in 1 ms
2024-03-30 23:08:10.471  INFO 54522 --- [           main] d.d.r.w.m.c.MovieControllerImplTest      : Started MovieControllerImplTest in 1.637 seconds (JVM running for 8.925)

MockHttpServletRequest:
      HTTP Method = GET
      Request URI = /api/v1/movies
       Parameters = {}
          Headers = []
             Body = null
    Session Attrs = {}

Handler:
             Type = de.dhbw.ravensburg.wp.mymoviedatabase.controller.MovieControllerImpl
           Method = de.dhbw.ravensburg.wp.mymoviedatabase.controller.MovieControllerImpl#getAllMovies()

Async:
    Async started = false
     Async result = null

Resolved Exception:
             Type = null

ModelAndView:
        View name = null
             View = null
            Model = null

FlashMap:
       Attributes = null

MockHttpServletResponse:
           Status = 200
    Error message = null
          Headers = [Content-Type:"application/json"]
     Content type = application/json
             Body = [{"id":1,"title":"Interstellar","duration":2.49,"description":"A team of explorers travel through space.","trailerUrl":"https://imdb.interstellar.test","coverImgUrl":"https://wikipedia.interstellar.test.jpeg","imdbRating":8.6,"castIds":[4],"awards":[{"id":1,"academy":"Oscar","category":"Best Picture","celebrationYear":2008}]},{"id":2,"title":"The Dark Knight","duration":2.32,"description":"Joker vs. Batman","trailerUrl":"https://imdb.darkknight.test","coverImgUrl":"https://wikipedia.darkknight.test.jpeg","imdbRating":9.0,"castIds":[1,2],"awards":[{"id":2,"academy":"Oscar","category":"Best Performance by an Actor in a Supporting Role","celebrationYear":2009},{"id":3,"academy":"Oscar","category":"Best Achievement in Sound Editing","celebrationYear":2009}]}]
    Forwarded URL = null
   Redirected URL = null
          Cookies = []
]]></system-out>
  </testcase>
  <testcase name="shouldSucessfullyAddMovie" classname="de.dhbw.ravensburg.wp.mymoviedatabase.controller.MovieControllerImplTest" time="0.117"/>
  <testcase name="shouldSucessfullyReturnMovie" classname="de.dhbw.ravensburg.wp.mymoviedatabase.controller.MovieControllerImplTest" time="0.023">
    <system-out><![CDATA[
MockHttpServletRequest:
      HTTP Method = GET
      Request URI = /api/v1/movies/1
       Parameters = {}
          Headers = []
             Body = null
    Session Attrs = {}

Handler:
             Type = de.dhbw.ravensburg.wp.mymoviedatabase.controller.MovieControllerImpl
           Method = de.dhbw.ravensburg.wp.mymoviedatabase.controller.MovieControllerImpl#getMovieById(Long)

Async:
    Async started = false
     Async result = null

Resolved Exception:
             Type = null

ModelAndView:
        View name = null
             View = null
            Model = null

FlashMap:
       Attributes = null

MockHttpServletResponse:
           Status = 200
    Error message = null
          Headers = [Content-Type:"application/json"]
     Content type = application/json
             Body = {"id":1,"title":"Interstellar","duration":2.49,"description":"A team of explorers travel through space.","trailerUrl":"https://imdb.interstellar.test","coverImgUrl":"https://wikipedia.interstellar.test.jpeg","imdbRating":8.6,"castIds":[4],"awards":[{"id":1,"academy":"Oscar","category":"Best Picture","celebrationYear":2008}]}
    Forwarded URL = null
   Redirected URL = null
          Cookies = []
]]></system-out>
  </testcase>
  <testcase name="shouldFailGetMovie" classname="de.dhbw.ravensburg.wp.mymoviedatabase.controller.MovieControllerImplTest" time="0.014"/>
  <testcase name="shouldSucessfullyRemoveMovie" classname="de.dhbw.ravensburg.wp.mymoviedatabase.controller.MovieControllerImplTest" time="0.015"/>
</testsuite>