<?xml version="1.0" encoding="UTF-8"?>
<testsuite xmlns:xsi="http://www.w3.org/2001/XMLSchema-instance" xsi:noNamespaceSchemaLocation="https://maven.apache.org/surefire/maven-surefire-plugin/xsd/surefire-test-report-3.0.xsd" version="3.0" name="de.dhbw.ravensburg.wp.mymoviedatabase.controller.AwardControllerImplTest" time="5.934" tests="4" errors="0" skipped="0" failures="0">
  <properties>
[...]
</properties>
  <testcase name="ShouldFailUpdateAwardBecauseOfConstraintViolation" classname="de.dhbw.ravensburg.wp.mymoviedatabase.controller.AwardControllerImplTest" time="0.375">
    <system-out><![CDATA[23:08:03.075 [main] DEBUG org.springframework.test.context.BootstrapUtils - Instantiating CacheAwareContextLoaderDelegate from class [org.springframework.test.context.cache.DefaultCacheAwareContextLoaderDelegate]
23:08:03.093 [main] DEBUG org.springframework.test.context.BootstrapUtils - Instantiating BootstrapContext using constructor [public org.springframework.test.context.support.DefaultBootstrapContext(java.lang.Class,org.springframework.test.context.CacheAwareContextLoaderDelegate)]
23:08:03.203 [main] DEBUG org.springframework.test.context.BootstrapUtils - Instantiating TestContextBootstrapper for test class [de.dhbw.ravensburg.wp.mymoviedatabase.controller.AwardControllerImplTest] from class [org.springframework.boot.test.autoconfigure.web.servlet.WebMvcTestContextBootstrapper]
23:08:03.230 [main] INFO org.springframework.boot.test.autoconfigure.web.servlet.WebMvcTestContextBootstrapper - Neither @ContextConfiguration nor @ContextHierarchy found for test class [de.dhbw.ravensburg.wp.mymoviedatabase.controller.AwardControllerImplTest], using SpringBootContextLoader
23:08:03.242 [main] DEBUG org.springframework.test.context.support.AbstractContextLoader - Did not detect default resource location for test class [de.dhbw.ravensburg.wp.mymoviedatabase.controller.AwardControllerImplTest]: class path resource [de/dhbw/ravensburg/wp/mymoviedatabase/controller/AwardControllerImplTest-context.xml] does not exist
23:08:03.245 [main] DEBUG org.springframework.test.context.support.AbstractContextLoader - Did not detect default resource location for test class [de.dhbw.ravensburg.wp.mymoviedatabase.controller.AwardControllerImplTest]: class path resource [de/dhbw/ravensburg/wp/mymoviedatabase/controller/AwardControllerImplTestContext.groovy] does not exist
23:08:03.247 [main] INFO org.springframework.test.context.support.AbstractContextLoader - Could not detect default resource locations for test class [de.dhbw.ravensburg.wp.mymoviedatabase.controller.AwardControllerImplTest]: no resource found for suffixes {-context.xml, Context.groovy}.
23:08:03.249 [main] INFO org.springframework.test.context.support.AnnotationConfigContextLoaderUtils - Could not detect default configuration classes for test class [de.dhbw.ravensburg.wp.mymoviedatabase.controller.AwardControllerImplTest]: AwardControllerImplTest does not declare any static, non-private, non-final, nested classes annotated with @Configuration.
23:08:03.448 [main] DEBUG org.springframework.test.context.support.ActiveProfilesUtils - Could not find an 'annotation declaring class' for annotation type [org.springframework.test.context.ActiveProfiles] and class [de.dhbw.ravensburg.wp.mymoviedatabase.controller.AwardControllerImplTest]
23:08:03.638 [main] DEBUG org.springframework.context.annotation.ClassPathScanningCandidateComponentProvider - Identified candidate component class: file [/Users/luis/Library/CloudStorage/OneDrive-Personal/Dokumente/1_DHBW/5.Semester/Integrationsseminar_MovieDB/Aufgabe_6/target/classes/de/dhbw/ravensburg/wp/mymoviedatabase/SpringDataApplication.class]
23:08:03.642 [main] INFO org.springframework.boot.test.context.SpringBootTestContextBootstrapper - Found @SpringBootConfiguration de.dhbw.ravensburg.wp.mymoviedatabase.SpringDataApplication for test class de.dhbw.ravensburg.wp.mymoviedatabase.controller.AwardControllerImplTest
23:08:03.646 [main] DEBUG org.springframework.boot.test.autoconfigure.web.servlet.WebMvcTestContextBootstrapper - @TestExecutionListeners is not present for class [de.dhbw.ravensburg.wp.mymoviedatabase.controller.AwardControllerImplTest]: using defaults.
23:08:03.647 [main] INFO org.springframework.boot.test.autoconfigure.web.servlet.WebMvcTestContextBootstrapper - Loaded default TestExecutionListener class names from location [META-INF/spring.factories]: [org.springframework.boot.test.mock.mockito.MockitoTestExecutionListener, org.springframework.boot.test.mock.mockito.ResetMocksTestExecutionListener, org.springframework.boot.test.autoconfigure.restdocs.RestDocsTestExecutionListener, org.springframework.boot.test.autoconfigure.web.client.MockRestServiceServerResetTestExecutionListener, org.springframework.boot.test.autoconfigure.web.servlet.MockMvcPrintOnlyOnFailureTestExecutionListener, org.springframework.boot.test.autoconfigure.web.servlet.WebDriverTestExecutionListener, org.springframework.boot.test.autoconfigure.webservices.client.MockWebServiceServerTestExecutionListener, org.springframework.test.context.web.ServletTestExecutionListener, org.springframework.test.context.support.DirtiesContextBeforeModesTestExecutionListener, org.springframework.test.context.event.ApplicationEventsTestExecutionListener, org.springframework.test.context.support.DependencyInjectionTestExecutionListener, org.springframework.test.context.support.DirtiesContextTestExecutionListener, org.springframework.test.context.transaction.TransactionalTestExecutionListener, org.springframework.test.context.jdbc.SqlScriptsTestExecutionListener, org.springframework.test.context.event.EventPublishingTestExecutionListener]
23:08:03.668 [main] INFO org.springframework.boot.test.autoconfigure.web.servlet.WebMvcTestContextBootstrapper - Using TestExecutionListeners: [org.springframework.test.context.web.ServletTestExecutionListener@9573584, org.springframework.test.context.support.DirtiesContextBeforeModesTestExecutionListener@3370f42, org.springframework.test.context.event.ApplicationEventsTestExecutionListener@6057aebb, org.springframework.boot.test.mock.mockito.MockitoTestExecutionListener@63eef88a, org.springframework.boot.test.autoconfigure.SpringBootDependencyInjectionTestExecutionListener@53251a66, org.springframework.test.context.support.DirtiesContextTestExecutionListener@6853425f, org.springframework.test.context.transaction.TransactionalTestExecutionListener@352c1b98, org.springframework.test.context.jdbc.SqlScriptsTestExecutionListener@21129f1f, org.springframework.test.context.event.EventPublishingTestExecutionListener@5a9f4771, org.springframework.boot.test.mock.mockito.ResetMocksTestExecutionListener@282cb7c7, org.springframework.boot.test.autoconfigure.restdocs.RestDocsTestExecutionListener@7d898981, org.springframework.boot.test.autoconfigure.web.client.MockRestServiceServerResetTestExecutionListener@48d61b48, org.springframework.boot.test.autoconfigure.web.servlet.MockMvcPrintOnlyOnFailureTestExecutionListener@68d279ec, org.springframework.boot.test.autoconfigure.web.servlet.WebDriverTestExecutionListener@258d79be, org.springframework.boot.test.autoconfigure.webservices.client.MockWebServiceServerTestExecutionListener@14f9390f]
23:08:03.679 [main] DEBUG org.springframework.test.context.support.AbstractDirtiesContextTestExecutionListener - Before test class: context [DefaultTestContext@571c5681 testClass = AwardControllerImplTest, testInstance = [null], testMethod = [null], testException = [null], mergedContextConfiguration = [WebMergedContextConfiguration@488d1cd7 testClass = AwardControllerImplTest, locations = '{}', classes = '{class de.dhbw.ravensburg.wp.mymoviedatabase.SpringDataApplication}', contextInitializerClasses = '[]', activeProfiles = '{}', propertySourceLocations = '{}', propertySourceProperties = '{org.springframework.boot.test.autoconfigure.web.servlet.WebMvcTestContextBootstrapper=true}', contextCustomizers = set[[ImportsContextCustomizer@68dc098b key = [org.springframework.boot.autoconfigure.cache.CacheAutoConfiguration, org.springframework.boot.autoconfigure.context.MessageSourceAutoConfiguration, org.springframework.boot.autoconfigure.data.web.SpringDataWebAutoConfiguration, org.springframework.boot.autoconfigure.freemarker.FreeMarkerAutoConfiguration, org.springframework.boot.autoconfigure.groovy.template.GroovyTemplateAutoConfiguration, org.springframework.boot.autoconfigure.gson.GsonAutoConfiguration, org.springframework.boot.autoconfigure.hateoas.HypermediaAutoConfiguration, org.springframework.boot.autoconfigure.http.HttpMessageConvertersAutoConfiguration, org.springframework.boot.autoconfigure.jackson.JacksonAutoConfiguration, org.springframework.boot.autoconfigure.jsonb.JsonbAutoConfiguration, org.springframework.boot.autoconfigure.mustache.MustacheAutoConfiguration, org.springframework.boot.autoconfigure.task.TaskExecutionAutoConfiguration, org.springframework.boot.autoconfigure.thymeleaf.ThymeleafAutoConfiguration, org.springframework.boot.autoconfigure.validation.ValidationAutoConfiguration, org.springframework.boot.autoconfigure.web.servlet.error.ErrorMvcAutoConfiguration, org.springframework.boot.autoconfigure.web.servlet.HttpEncodingAutoConfiguration, org.springframework.boot.autoconfigure.web.servlet.WebMvcAutoConfiguration, org.springframework.boot.test.autoconfigure.web.servlet.MockMvcAutoConfiguration, org.springframework.boot.test.autoconfigure.web.servlet.MockMvcWebClientAutoConfiguration, org.springframework.boot.test.autoconfigure.web.servlet.MockMvcWebDriverAutoConfiguration, org.springframework.boot.autoconfigure.security.oauth2.client.servlet.OAuth2ClientAutoConfiguration, org.springframework.boot.autoconfigure.security.oauth2.resource.servlet.OAuth2ResourceServerAutoConfiguration, org.springframework.boot.autoconfigure.security.servlet.SecurityAutoConfiguration, org.springframework.boot.autoconfigure.security.servlet.SecurityFilterAutoConfiguration, org.springframework.boot.autoconfigure.security.servlet.UserDetailsServiceAutoConfiguration, org.springframework.boot.test.autoconfigure.web.servlet.MockMvcSecurityConfiguration]], org.springframework.boot.test.context.filter.ExcludeFilterContextCustomizer@7526515b, org.springframework.boot.test.json.DuplicateJsonObjectContextCustomizerFactory$DuplicateJsonObjectContextCustomizer@6d4d66d2, org.springframework.boot.test.mock.mockito.MockitoContextCustomizer@2e7a8a94, org.springframework.boot.test.autoconfigure.OverrideAutoConfigurationContextCustomizerFactory$DisableAutoConfigurationContextCustomizer@4b013c76, org.springframework.boot.test.autoconfigure.actuate.metrics.MetricsExportContextCustomizerFactory$DisableMetricExportContextCustomizer@7bba5817, org.springframework.boot.test.autoconfigure.filter.TypeExcludeFiltersContextCustomizer@7555cfd3, org.springframework.boot.test.autoconfigure.properties.PropertyMappingContextCustomizer@faaf8d15, org.springframework.boot.test.autoconfigure.web.servlet.WebDriverContextCustomizerFactory$Customizer@25be7b63, org.springframework.boot.test.context.SpringBootTestArgs@1, org.springframework.boot.test.context.SpringBootTestWebEnvironment@0], resourceBasePath = 'src/main/webapp', contextLoader = 'org.springframework.boot.test.context.SpringBootContextLoader', parent = [null]], attributes = map[[empty]]], class annotated with @DirtiesContext [false] with mode [null].
23:08:03.776 [main] DEBUG org.springframework.test.context.support.TestPropertySourceUtils - Adding inlined properties to environment: {spring.jmx.enabled=false, org.springframework.boot.test.autoconfigure.web.servlet.WebMvcTestContextBootstrapper=true}

  .   ____          _            __ _ _
 /\\ / ___'_ __ _ _(_)_ __  __ _ \ \ \ \
( ( )\___ | '_ | '_| | '_ \/ _` | \ \ \ \
 \\/  ___)| |_)| | | | | || (_| |  ) ) ) )
  '  |____| .__|_| |_|_| |_\__, | / / / /
 =========|_|==============|___/=/_/_/_/
 :: Spring Boot ::                (v2.5.1)

2024-03-30 23:08:04.405  INFO 54522 --- [           main] d.d.r.w.m.c.AwardControllerImplTest      : Starting AwardControllerImplTest using Java 21.0.2 on MacBook-Air.fritz.box with PID 54522 (started by luis in /Users/luis/Library/CloudStorage/OneDrive-Personal/Dokumente/1_DHBW/5.Semester/Integrationsseminar_MovieDB/Aufgabe_6)
2024-03-30 23:08:04.417  INFO 54522 --- [           main] d.d.r.w.m.c.AwardControllerImplTest      : No active profile set, falling back to default profiles: default
2024-03-30 23:08:08.181  INFO 54522 --- [           main] o.s.b.t.m.w.SpringBootMockServletContext : Initializing Spring TestDispatcherServlet ''
2024-03-30 23:08:08.184  INFO 54522 --- [           main] o.s.t.web.servlet.TestDispatcherServlet  : Initializing Servlet ''
2024-03-30 23:08:08.187  INFO 54522 --- [           main] o.s.t.web.servlet.TestDispatcherServlet  : Completed initialization in 3 ms
2024-03-30 23:08:08.251  INFO 54522 --- [           main] d.d.r.w.m.c.AwardControllerImplTest      : Started AwardControllerImplTest in 4.461 seconds (JVM running for 6.705)
2024-03-30 23:08:08.626  WARN 54522 --- [           main] .w.s.m.s.DefaultHandlerExceptionResolver : Resolved [org.springframework.web.bind.MethodArgumentNotValidException: Validation failed for argument [1] in public de.dhbw.ravensburg.wp.mymoviedatabase.dto.AwardDTO de.dhbw.ravensburg.wp.mymoviedatabase.controller.AwardControllerImpl.updateAward(java.lang.Long,de.dhbw.ravensburg.wp.mymoviedatabase.dto.AwardDTO): [Field error in object 'awardDTO' on field 'celebrationYear': rejected value [2025]; codes [Max.awardDTO.celebrationYear,Max.celebrationYear,Max.int,Max]; arguments [org.springframework.context.support.DefaultMessageSourceResolvable: codes [awardDTO.celebrationYear,celebrationYear]; arguments []; default message [celebrationYear],2024]; default message [must be less than or equal to 2024]] ]
]]></system-out>
  </testcase>
  <testcase name="testGetAllAwards" classname="de.dhbw.ravensburg.wp.mymoviedatabase.controller.AwardControllerImplTest" time="0.05"/>
  <testcase name="ShouldSuccessfullyGetAward" classname="de.dhbw.ravensburg.wp.mymoviedatabase.controller.AwardControllerImplTest" time="0.014"/>
  <testcase name="ShouldFailUpdateAwardBecauseUnkownId" classname="de.dhbw.ravensburg.wp.mymoviedatabase.controller.AwardControllerImplTest" time="0.017"/>
</testsuite>